{"name": "Получить заказы", "status": "failed", "statusDetails": {"message": "AssertionError: assert 401 == 200\n +  where 401 = <Response [401]>.status_code\n +    where <Response [401]> = <tests.regress.test_user_orders.TestUserOrders object at 0x7f65bbfecac0>.response", "trace": "self = <test.Test object at 0x7f65bc0b1d30>\n\n    @allure.title(\"Получить заказы\")\n    @allure.description(\"Получить заказы\")\n    def test_user_orders(self):\n>       test_user_orders.TestUserOrders(\n            self.environment_adapter, self.faker).request().attach().test()\n\ntests/regress/test.py:584: \n_ _ _ _ _ _ _ _ _ _ _ _ _ _ _ _ _ _ _ _ _ _ _ _ _ _ _ _ _ _ _ _ _ _ _ _ _ _ _ _ \n\nself = <tests.regress.test_user_orders.TestUserOrders object at 0x7f65bbfecac0>\n\n    def test(self):\n>       assert self.response.status_code == 200\nE       assert 401 == 200\nE        +  where 401 = <Response [401]>.status_code\nE        +    where <Response [401]> = <tests.regress.test_user_orders.TestUserOrders object at 0x7f65bbfecac0>.response\n\ntests/test_base.py:59: AssertionError"}, "description": "Получить заказы", "attachments": [{"name": "Request url", "source": "87790795-5e84-43e1-ba07-fb208073c640-attachment.txt", "type": "text/plain"}, {"name": "Request method", "source": "f7e862f4-b3c4-48a7-8d55-4082212a9039-attachment.txt", "type": "text/plain"}, {"name": "Request headers", "source": "d98c913b-638e-43d9-8a42-5ed5b0a2a0ec-attachment.json", "type": "application/json"}, {"name": "Response headers", "source": "b1d63280-cd80-42cd-9506-35ef9b6957ad-attachment.json", "type": "application/json"}, {"name": "Response", "source": "1f3d4946-d4df-426a-bd58-097b14c6b191-attachment.json", "type": "application/json"}], "start": 1632397434590, "stop": 1632397434677, "uuid": "ecc477c9-1517-47cb-88c8-12a2db65b37e", "historyId": "612c15b29dfde9c8acda8af0a858a6d2", "testCaseId": "c345e6dd0906bc7bec93bd90ae0bffbf", "fullName": "tests.regress.test.Test#test_user_orders", "labels": [{"name": "parentSuite", "value": "tests.regress"}, {"name": "suite", "value": "test"}, {"name": "subSuite", "value": "Test"}, {"name": "host", "value": "233b021353de"}, {"name": "thread", "value": "12-MainThread"}, {"name": "framework", "value": "pytest"}, {"name": "language", "value": "cpython3"}, {"name": "package", "value": "tests.regress.test"}]}