{"name": "Проверка кода подтверждения", "status": "failed", "statusDetails": {"message": "AssertionError: assert 424 == 200\n +  where 424 = <Response [424]>.status_code\n +    where <Response [424]> = <tests.regress.test_confirm_code.TestConfirmCode object at 0x7f65bc0fbee0>.response", "trace": "self = <test.Test object at 0x7f65bc0f5d30>\n\n    @allure.title(\"Проверка кода подтверждения\")\n    @allure.description(\"Проверка кода подтверждения\")\n    def test_confirm_code(self):\n>       test_confirm_code.TestConfirmCode(\n            self.environment_adapter, self.faker).request().attach().test()\n\ntests/regress/test.py:136: \n_ _ _ _ _ _ _ _ _ _ _ _ _ _ _ _ _ _ _ _ _ _ _ _ _ _ _ _ _ _ _ _ _ _ _ _ _ _ _ _ \n\nself = <tests.regress.test_confirm_code.TestConfirmCode object at 0x7f65bc0fbee0>\n\n    def test(self):\n>       assert self.response.status_code == 200\nE       assert 424 == 200\nE        +  where 424 = <Response [424]>.status_code\nE        +    where <Response [424]> = <tests.regress.test_confirm_code.TestConfirmCode object at 0x7f65bc0fbee0>.response\n\ntests/test_base.py:59: AssertionError"}, "description": "Проверка кода подтверждения", "attachments": [{"name": "Request url", "source": "635d6e41-52a5-40ae-8f54-3fce26e92e0e-attachment.txt", "type": "text/plain"}, {"name": "Request method", "source": "ec754ecc-893e-4247-8bd6-f68a2217a134-attachment.txt", "type": "text/plain"}, {"name": "Request headers", "source": "4a38c3f7-6b8e-4438-93b5-0d9b5b5031f6-attachment.json", "type": "application/json"}, {"name": "Response headers", "source": "9d26d6b9-b341-4e37-85ed-38a055e2512d-attachment.json", "type": "application/json"}, {"name": "Response", "source": "ef92651d-f456-4095-8d11-7649386a0640-attachment.json", "type": "application/json"}], "start": 1632397422541, "stop": 1632397422635, "uuid": "1d167085-16c0-4cca-9b1a-042548a704f7", "historyId": "6d6828ebc5a82b6e4d011048bd2b8bf6", "testCaseId": "865b841f74b31e82c08179392c9cf52b", "fullName": "tests.regress.test.Test#test_confirm_code", "labels": [{"name": "parentSuite", "value": "tests.regress"}, {"name": "suite", "value": "test"}, {"name": "subSuite", "value": "Test"}, {"name": "host", "value": "233b021353de"}, {"name": "thread", "value": "12-MainThread"}, {"name": "framework", "value": "pytest"}, {"name": "language", "value": "cpython3"}, {"name": "package", "value": "tests.regress.test"}]}